[0m[[0m[0mdebug[0m] [0m[0m> Exec(test, Some(d237e9a1-2f51-43b0-9823-7d95aa00680e), Some(CommandSource(console0)))[0m
[0m[[0m[0mdebug[0m] [0m[0mEvaluating tasks: Test / test[0m
[0m[[0m[0mdebug[0m] [0m[0mRunning task... Cancel: Signal, check cycles: false, forcegc: true[0m
[0m[[0m[0minfo[0m] [0m[0mcompiling 5 Scala sources to C:\Users\Brocoli\Desktop\Softwareparadigment\group-90\solP\target\scala-2.13\test-classes ...[0m
[0m[[0m[0minfo[0m] [0m[0m[32mTestsPublicParser:[0m[0m
[0m[[0m[0minfo[0m] [0m[0m[32m- Lists[0m[0m
[0m[[0m[0minfo[0m] [0m[0m[32m- Operators[0m[0m
[0m[[0m[0minfo[0m] [0m[0m[32m- Sequence Expressions[0m[0m
[0m[[0m[0minfo[0m] [0m[0m[32m- Anonymous Functions[0m[0m
[0m[[0m[0minfo[0m] [0m[0m[31m- Records *** FAILED ***[0m[0m
[0m[[0m[0minfo[0m] [0m[0m[31m  [2.11] failure: '(' expected but '{' found[0m[0m
[0m[[0m[0minfo[0m] [0m[0m  [0m
[0m[[0m[0minfo[0m] [0m[0m[31m        $foo{a, b, c};[0m[0m
[0m[[0m[0minfo[0m] [0m[0m[31m            ^ (AbstractTests.scala:15)[0m[0m
[0m[[0m[0minfo[0m] [0m[0m[31m- Loops *** FAILED ***[0m[0m
[0m[[0m[0minfo[0m] [0m[0m[31m  [6.15] failure: '}' expected but 'y' found[0m[0m
[0m[[0m[0minfo[0m] [0m[0m  [0m
[0m[[0m[0minfo[0m] [0m[0m[31m          while y != 0 do {[0m[0m
[0m[[0m[0minfo[0m] [0m[0m[31m                ^ (AbstractTests.scala:15)[0m[0m
[0m[[0m[0minfo[0m] [0m[0m[32m- Misc[0m[0m
[0m[[0m[0minfo[0m] [0m[0m[32mTestsBasicParser:[0m[0m
[0m[[0m[0minfo[0m] [0m[0m[32m- Constants[0m[0m
[0m[[0m[0minfo[0m] [0m[0m[32m- Builtin[0m[0m
[0m[[0m[0minfo[0m] [0m[0m[32m- Equality[0m[0m
[0m[[0m[0minfo[0m] [0m[0m[32m- Operator Simple[0m[0m
[0m[[0m[0minfo[0m] [0m[0m[32m- If Simple[0m[0m
[0m[[0m[0minfo[0m] [0m[0m[32m- If Advanced[0m[0m
[0m[[0m[0minfo[0m] [0m[0m[32m- Function Simple[0m[0m
[0m[[0m[0minfo[0m] [0m[0m[32m- Function Constant[0m[0m
[0m[[0m[0minfo[0m] [0m[0m[32m- Function Parameters[0m[0m
[0m[[0m[0minfo[0m] [0m[0m[32m- Function Recursion[0m[0m
[0m[[0m[0minfo[0m] [0m[0m[32m- Function Mutual[0m[0m
[0m[[0m[0minfo[0m] [0m[0m[32m- Interpretation Order[0m[0m
[0m[[0m[0minfo[0m] [0m[0m[32m- AD Example[0m[0m
[0m[[0m[0minfo[0m] [0m[0m[32mTestsPublic:[0m[0m
[0m[[0m[0minfo[0m] [0m[0m[31m- Lists *** FAILED ***[0m[0m
[0m[[0m[0minfo[0m] [0m[0m[31m  scala.NotImplementedError: Interpretation of node NodeList(List()) not implemented.[0m[0m
[0m[[0m[0minfo[0m] [0m[0m[31m  at Interpreter.interpret(Interpreter.scala:102)[0m[0m
[0m[[0m[0minfo[0m] [0m[0m[31m  at Interpreter.interpret(Interpreter.scala:77)[0m[0m
[0m[[0m[0minfo[0m] [0m[0m[31m  at Main$.evaluateTest(Main.scala:66)[0m[0m
[0m[[0m[0minfo[0m] [0m[0m[31m  at AbstractTests.expectResult(AbstractTests.scala:27)[0m[0m
[0m[[0m[0minfo[0m] [0m[0m[31m  at AbstractTests.expectResult(AbstractTests.scala:23)[0m[0m
[0m[[0m[0minfo[0m] [0m[0m[31m  at TestsPublic.$anonfun$new$1(TestsPublic.scala:5)[0m[0m
[0m[[0m[0minfo[0m] [0m[0m[31m  at scala.runtime.java8.JFunction0$mcV$sp.apply(JFunction0$mcV$sp.scala:18)[0m[0m
[0m[[0m[0minfo[0m] [0m[0m[31m  at org.scalatest.OutcomeOf.outcomeOf(OutcomeOf.scala:85)[0m[0m
[0m[[0m[0minfo[0m] [0m[0m[31m  at org.scalatest.OutcomeOf.outcomeOf$(OutcomeOf.scala:83)[0m[0m
[0m[[0m[0minfo[0m] [0m[0m[31m  at org.scalatest.OutcomeOf$.outcomeOf(OutcomeOf.scala:104)[0m[0m
[0m[[0m[0minfo[0m] [0m[0m[31m  ...[0m[0m
[0m[[0m[0minfo[0m] [0m[0m[31m- Operators *** FAILED ***[0m[0m
[0m[[0m[0minfo[0m] [0m[0m[31m  scala.NotImplementedError: Interpretation of node NodeMult(NodeValue(ExpInteger(2)),NodeValue(ExpInteger(4))) not implemented.[0m[0m
[0m[[0m[0minfo[0m] [0m[0m[31m  at Interpreter.interpret(Interpreter.scala:102)[0m[0m
[0m[[0m[0minfo[0m] [0m[0m[31m  at Interpreter.interpret(Interpreter.scala:77)[0m[0m
[0m[[0m[0minfo[0m] [0m[0m[31m  at Main$.evaluateTest(Main.scala:66)[0m[0m
[0m[[0m[0minfo[0m] [0m[0m[31m  at AbstractTests.expectResult(AbstractTests.scala:27)[0m[0m
[0m[[0m[0minfo[0m] [0m[0m[31m  at AbstractTests.expectResult(AbstractTests.scala:23)[0m[0m
[0m[[0m[0minfo[0m] [0m[0m[31m  at TestsPublic.$anonfun$new$2(TestsPublic.scala:11)[0m[0m
[0m[[0m[0minfo[0m] [0m[0m[31m  at scala.runtime.java8.JFunction0$mcV$sp.apply(JFunction0$mcV$sp.scala:18)[0m[0m
[0m[[0m[0minfo[0m] [0m[0m[31m  at org.scalatest.OutcomeOf.outcomeOf(OutcomeOf.scala:85)[0m[0m
[0m[[0m[0minfo[0m] [0m[0m[31m  at org.scalatest.OutcomeOf.outcomeOf$(OutcomeOf.scala:83)[0m[0m
[0m[[0m[0minfo[0m] [0m[0m[31m  at org.scalatest.OutcomeOf$.outcomeOf(OutcomeOf.scala:104)[0m[0m
[0m[[0m[0minfo[0m] [0m[0m[31m  ...[0m[0m
[0m[[0m[0minfo[0m] [0m[0m[31m- Sequence Expressions *** FAILED ***[0m[0m
[0m[[0m[0minfo[0m] [0m[0m[31m  scala.NotImplementedError: Interpretation of node NodeSeq(List(NodeVarDecl(a,NodeValue(ExpInteger(10))), NodeVarDecl(b,NodeCall(NodeVariable(add),List(NodeVariable(a), NodeValue(ExpInteger(42)))))),NodeCall(NodeVariable(add),List(NodeVariable(a), NodeVariable(b)))) not implemented.[0m[0m
[0m[[0m[0minfo[0m] [0m[0m[31m  at Interpreter.interpret(Interpreter.scala:102)[0m[0m
[0m[[0m[0minfo[0m] [0m[0m[31m  at Interpreter.interpret(Interpreter.scala:77)[0m[0m
[0m[[0m[0minfo[0m] [0m[0m[31m  at Main$.evaluateTest(Main.scala:66)[0m[0m
[0m[[0m[0minfo[0m] [0m[0m[31m  at AbstractTests.expectResult(AbstractTests.scala:27)[0m[0m
[0m[[0m[0minfo[0m] [0m[0m[31m  at AbstractTests.expectResult(AbstractTests.scala:23)[0m[0m
[0m[[0m[0minfo[0m] [0m[0m[31m  at TestsPublic.$anonfun$new$3(TestsPublic.scala:31)[0m[0m
[0m[[0m[0minfo[0m] [0m[0m[31m  at scala.runtime.java8.JFunction0$mcV$sp.apply(JFunction0$mcV$sp.scala:18)[0m[0m
[0m[[0m[0minfo[0m] [0m[0m[31m  at org.scalatest.OutcomeOf.outcomeOf(OutcomeOf.scala:85)[0m[0m
[0m[[0m[0minfo[0m] [0m[0m[31m  at org.scalatest.OutcomeOf.outcomeOf$(OutcomeOf.scala:83)[0m[0m
[0m[[0m[0minfo[0m] [0m[0m[31m  at org.scalatest.OutcomeOf$.outcomeOf(OutcomeOf.scala:104)[0m[0m
[0m[[0m[0minfo[0m] [0m[0m[31m  ...[0m[0m
[0m[[0m[0minfo[0m] [0m[0m[31m- Anonymous Functions *** FAILED ***[0m[0m
[0m[[0m[0minfo[0m] [0m[0m[31m  scala.NotImplementedError: Interpretation of node NodeFuncLit(List(i),NodePlus(NodeVariable(i),NodeValue(ExpInteger(4)))) not implemented.[0m[0m
[0m[[0m[0minfo[0m] [0m[0m[31m  at Interpreter.interpret(Interpreter.scala:102)[0m[0m
[0m[[0m[0minfo[0m] [0m[0m[31m  at Interpreter.interpret(Interpreter.scala:86)[0m[0m
[0m[[0m[0minfo[0m] [0m[0m[31m  at Interpreter.interpret(Interpreter.scala:77)[0m[0m
[0m[[0m[0minfo[0m] [0m[0m[31m  at Main$.evaluateTest(Main.scala:66)[0m[0m
[0m[[0m[0minfo[0m] [0m[0m[31m  at AbstractTests.expectResult(AbstractTests.scala:27)[0m[0m
[0m[[0m[0minfo[0m] [0m[0m[31m  at AbstractTests.expectResult(AbstractTests.scala:23)[0m[0m
[0m[[0m[0minfo[0m] [0m[0m[31m  at TestsPublic.$anonfun$new$4(TestsPublic.scala:88)[0m[0m
[0m[[0m[0minfo[0m] [0m[0m[31m  at scala.runtime.java8.JFunction0$mcV$sp.apply(JFunction0$mcV$sp.scala:18)[0m[0m
[0m[[0m[0minfo[0m] [0m[0m[31m  at org.scalatest.OutcomeOf.outcomeOf(OutcomeOf.scala:85)[0m[0m
[0m[[0m[0minfo[0m] [0m[0m[31m  at org.scalatest.OutcomeOf.outcomeOf$(OutcomeOf.scala:83)[0m[0m
[0m[[0m[0minfo[0m] [0m[0m[31m  ...[0m[0m
[0m[[0m[0minfo[0m] [0m[0m[31m- Records *** FAILED ***[0m[0m
[0m[[0m[0minfo[0m] [0m[0m[31m  Expected EvaluationResultSuccess(ExpInteger(12), ""), but got EvaluationResultError("[2.11] failure: '(' expected but '{' found[0m[0m
[0m[[0m[0minfo[0m] [0m[0m  [0m
[0m[[0m[0minfo[0m] [0m[0m[31m        $foo{a, b, c};[0m[0m
[0m[[0m[0minfo[0m] [0m[0m[31m            ^") (AbstractTests.scala:26)[0m[0m
[0m[[0m[0minfo[0m] [0m[0m[31m- Loops *** FAILED ***[0m[0m
[0m[[0m[0minfo[0m] [0m[0m[31m  Expected EvaluationResultSuccess(ExpInteger(256), ""), but got EvaluationResultError("[6.15] failure: '}' expected but 'y' found[0m[0m
[0m[[0m[0minfo[0m] [0m[0m  [0m
[0m[[0m[0minfo[0m] [0m[0m[31m          while y != 0 do {[0m[0m
[0m[[0m[0minfo[0m] [0m[0m[31m                ^") (AbstractTests.scala:26)[0m[0m
[0m[[0m[0minfo[0m] [0m[0m[31m- Misc *** FAILED ***[0m[0m
[0m[[0m[0minfo[0m] [0m[0m[31m  scala.NotImplementedError: Interpretation of node NodeSeq(List(NodeVarDecl(a,NodeValue(ExpInteger(1))), NodeVarDecl(b,NodeVariable(a)), NodeVarDecl(c,NodeSeq(List(NodeVarDecl(a,NodeValue(ExpInteger(2))), NodeVarDecl(c,NodeNe(NodeVariable(a),NodeVariable(b)))),NodeVariable(c)))),NodeVariable(c)) not implemented.[0m[0m
[0m[[0m[0minfo[0m] [0m[0m[31m  at Interpreter.interpret(Interpreter.scala:102)[0m[0m
[0m[[0m[0minfo[0m] [0m[0m[31m  at Interpreter.interpret(Interpreter.scala:77)[0m[0m
[0m[[0m[0minfo[0m] [0m[0m[31m  at Main$.evaluateTest(Main.scala:66)[0m[0m
[0m[[0m[0minfo[0m] [0m[0m[31m  at AbstractTests.expectResult(AbstractTests.scala:27)[0m[0m
[0m[[0m[0minfo[0m] [0m[0m[31m  at AbstractTests.expectResult(AbstractTests.scala:23)[0m[0m
[0m[[0m[0minfo[0m] [0m[0m[31m  at TestsPublic.$anonfun$new$7(TestsPublic.scala:223)[0m[0m
[0m[[0m[0minfo[0m] [0m[0m[31m  at scala.runtime.java8.JFunction0$mcV$sp.apply(JFunction0$mcV$sp.scala:18)[0m[0m
[0m[[0m[0minfo[0m] [0m[0m[31m  at org.scalatest.OutcomeOf.outcomeOf(OutcomeOf.scala:85)[0m[0m
[0m[[0m[0minfo[0m] [0m[0m[31m  at org.scalatest.OutcomeOf.outcomeOf$(OutcomeOf.scala:83)[0m[0m
[0m[[0m[0minfo[0m] [0m[0m[31m  at org.scalatest.OutcomeOf$.outcomeOf(OutcomeOf.scala:104)[0m[0m
[0m[[0m[0minfo[0m] [0m[0m[31m  ...[0m[0m
[0m[[0m[0minfo[0m] [0m[0m[32mTestsBasic:[0m[0m
[0m[[0m[0minfo[0m] [0m[0m[32m- Constants[0m[0m
[0m[[0m[0minfo[0m] [0m[0m[32m- Builtin[0m[0m
[0m[[0m[0minfo[0m] [0m[0m[32m- Equality[0m[0m
[0m[[0m[0minfo[0m] [0m[0m[32m- Operator Simple[0m[0m
[0m[[0m[0minfo[0m] [0m[0m[32m- If Simple[0m[0m
[0m[[0m[0minfo[0m] [0m[0m[32m- If Advanced[0m[0m
[0m[[0m[0minfo[0m] [0m[0m[32m- Function Simple[0m[0m
[0m[[0m[0minfo[0m] [0m[0m[32m- Function Constant[0m[0m
[0m[[0m[0minfo[0m] [0m[0m[32m- Function Parameters[0m[0m
[0m[[0m[0minfo[0m] [0m[0m[32m- Function Recursion[0m[0m
[0m[[0m[0minfo[0m] [0m[0m[32m- Function Mutual[0m[0m
[0m[[0m[0minfo[0m] [0m[0m[32m- Interpretation Order[0m[0m
[0m[[0m[0minfo[0m] [0m[0m[32m- AD Example[0m[0m
[0m[[0m[0minfo[0m] [0m[0m[36mRun completed in 2 seconds, 86 milliseconds.[0m[0m
[0m[[0m[0minfo[0m] [0m[0m[36mTotal number of tests run: 40[0m[0m
[0m[[0m[0minfo[0m] [0m[0m[36mSuites: completed 4, aborted 0[0m[0m
[0m[[0m[0minfo[0m] [0m[0m[36mTests: succeeded 31, failed 9, canceled 0, ignored 0, pending 0[0m[0m
[0m[[0m[0minfo[0m] [0m[0m[31m*** 9 TESTS FAILED ***[0m[0m
[0m[[0m[31merror[0m] [0m[0mFailed tests:[0m
[0m[[0m[31merror[0m] [0m[0m	TestsPublicParser[0m
[0m[[0m[31merror[0m] [0m[0m	TestsPublic[0m
[0m[[0m[31merror[0m] [0m[0m(Test / [31mtest[0m) sbt.TestsFailedException: Tests unsuccessful[0m
[0m[[0m[31merror[0m] [0m[0mTotal time: 5 s, completed 28.04.2025, 18:48:32[0m
[0m[[0m[0mdebug[0m] [0m[0m> Exec(shell, None, None)[0m
[0m[[0m[0mdebug[0m] [0m[0mForcing garbage collection...[0m
